2024-01-25 09:27:03 ECMWF API python library 1.6.3
2024-01-25 09:27:03 ECMWF API at https://api.ecmwf.int/v1
2024-01-25 09:27:03 Welcome Shirin Ermis
2024-01-25 09:27:04 In case of problems, please check https://confluence.ecmwf.int/display/WEBAPI/Web+API+FAQ or contact servicedesk@ecmwf.int
2024-01-25 09:27:05 Request submitted
2024-01-25 09:27:05 Request id: 65b22969c2c231f5b6fb77c3
2024-01-25 09:27:05 Request is submitted
2024-01-25 09:27:06 Request is active
2024-01-25 09:28:33 Calling 'nice mars /tmp/20240125-0920/b0/tmp-_mars-7aZKxk.req'
2024-01-25 09:28:33 Forcing MIR_CACHE_PATH=/data/ec_coeff
2024-01-25 09:28:33 mars - WARN -
2024-01-25 09:28:33 mars - WARN -
2024-01-25 09:28:33 MIR environment variables:
2024-01-25 09:28:33 MIR_CACHE_PATH=/data/ec_coeff
2024-01-25 09:28:33 MIR_LSM_NAMED=1km.climate.v013
2024-01-25 09:28:33 Using MARS binary: /usr/local/apps/mars/versions/6.33.16.2/bin/mars.bin
2024-01-25 09:28:33 mars - INFO   - 20240125.092706 - Welcome to MARS
2024-01-25 09:28:33 mars - INFO   - 20240125.092706 - MARS Client build stamp: 20231005152332
2024-01-25 09:28:33 mars - INFO   - 20240125.092706 - MARS Client bundle version: 6.33.16.2
2024-01-25 09:28:33 mars - INFO   - 20240125.092706 - package mars-client version: 6.33.16
2024-01-25 09:28:33 mars - INFO   - 20240125.092706 - package mir version: 1.18.0
2024-01-25 09:28:33 mars - INFO   - 20240125.092706 - package odc version: 1.4.6
2024-01-25 09:28:33 mars - INFO   - 20240125.092706 - package fdb version: 5.11.23
2024-01-25 09:28:33 mars - INFO   - 20240125.092706 - package metkit version: 1.10.15
2024-01-25 09:28:33 mars - INFO   - 20240125.092706 - package eckit version: 1.24.4
2024-01-25 09:28:33 mars - INFO   - 20240125.092706 - package eccodes version: 2.32.0
2024-01-25 09:28:33 mars - INFO   - 20240125.092706 - Maximum retrieval size is 75.00 G
2024-01-25 09:28:33 retrieve,target="b2rc_2023-10-11_sst.nc",stream=enfo,area=e,levtype=sfc,number=1,param=34.128,padding=0,step=0,grid=0.25/0.25,expver=b2rc,time=00:00:00,date=2023-10-11,type=pf,class=ukmars - INFO   - 20240125.092706 - Automatic split on dates is on
2024-01-25 09:28:33 
2024-01-25 09:28:33 mars - INFO   - 20240125.092706 - Processing request 1
2024-01-25 09:28:33 
2024-01-25 09:28:33 RETRIEVE,
2024-01-25 09:28:33     CLASS      = UK,
2024-01-25 09:28:33     TYPE       = PF,
2024-01-25 09:28:33     STREAM     = ENFO,
2024-01-25 09:28:33     EXPVER     = b2rc,
2024-01-25 09:28:33     REPRES     = SH,
2024-01-25 09:28:33     LEVTYPE    = SFC,
2024-01-25 09:28:33     PARAM      = 34.128,
2024-01-25 09:28:33     TIME       = 0000,
2024-01-25 09:28:33     STEP       = 0,
2024-01-25 09:28:33     NUMBER     = 1,
2024-01-25 09:28:33     DOMAIN     = G,
2024-01-25 09:28:33     TARGET     = "b2rc_2023-10-11_sst.nc",
2024-01-25 09:28:33     RESOL      = AUTO,
2024-01-25 09:28:33     AREA       = 73.5/-27/33/45,
2024-01-25 09:28:33     GRID       = 0.25/0.25,
2024-01-25 09:28:33     PADDING    = 0,
2024-01-25 09:28:33     DATE       = 20231011
2024-01-25 09:28:33 
2024-01-25 09:28:33 mars - INFO   - 20240125.092706 - Web API request id: 65b22969c2c231f5b6fb77c3
2024-01-25 09:28:33 mars - INFO   - 20240125.092706 - Requesting 1 field
2024-01-25 09:28:33 mars - INFO   - 20240125.092706 - Setting SO_SNDBUF to 33554432 (32.00 M)
2024-01-25 09:28:33 mars - INFO   - 20240125.092706 - Current value is 8192 (8.00 K)
2024-01-25 09:28:33 mars - INFO   - 20240125.092706 - Setting SO_RCVBUF to 33554432 (32.00 M)
2024-01-25 09:28:33 mars - INFO   - 20240125.092706 - Current value is 43690 (42.67 K)
2024-01-25 09:28:33 mars - INFO   - 20240125.092706 - Calling mars on 'fdbprod', local port is 48901
2024-01-25 09:28:33 mars - INFO   - 20240125.092706 - Server task is 364 [ATOS FDB]
2024-01-25 09:28:33 mars - INFO   - 20240125.092706 - Retrieving from FDB [ATOS FDB]
2024-01-25 09:28:33 mars - INFO   - 20240125.092706 - Looking up FDB indexes: 0.004756 second elapsed, 0.003848 second cpu [ATOS FDB]
2024-01-25 09:28:33 mars - INFO   - 20240125.092706 - Calling mars on 'marsrd-core', local port is 33161
2024-01-25 09:28:33 mars - INFO   - 20240125.092706 - Server task is 632 [marsrd]
2024-01-25 09:28:33 mars - INFO   - 20240125.092706 - Request cost: 0 field,  [marsrd]
2024-01-25 09:28:33 mars - INFO   - 20240125.092706 - The efficiency of your requests in the last 12 hours is 100% [marsrd]
2024-01-25 09:28:33 mars - WARN   - 20240125.092706 - Data not found [marsrd]
2024-01-25 09:28:33 mars - INFO   - 20240125.092706 - Calling mars on 'marsms-core', local port is 39414
2024-01-25 09:28:33 mars - INFO   - 20240125.092706 - Server task is 378 [marsms]
2024-01-25 09:28:33 mars - INFO   - 20240125.092706 - Request cost: 1 field, 3.17154 Mbytes on 1 tape, nodes: hpss, libraries: ibmlib02 [marsms]
2024-01-25 09:28:33 mars - INFO   - 20240125.092706 - The efficiency of your requests in the last 12 hours is 100% [marsms]
2024-01-25 09:28:33 mars - INFO   - 20240125.092828 - Transfering 3325602 bytes
2024-01-25 09:28:33 mars - INFO   - 20240125.092828 - 1 field retrieved from 'marsms'
2024-01-25 09:28:33 mars - INFO   - 20240125.092828 - 1 field has been interpolated
2024-01-25 09:28:33 mars - INFO   - 20240125.092828 - Request time:  wall: 1 min 22 sec
2024-01-25 09:28:33 mars - INFO   - 20240125.092828 -   Processing in marsms: wall: 1 min 22 sec
2024-01-25 09:28:33 mars - INFO   - 20240125.092828 -   Visiting marsms: wall: 1 min 22 sec
2024-01-25 09:28:33 mars - INFO   - 20240125.092828 -   Read from network: 3.17 Mbyte(s) in < 1 sec [141.08 Mbyte/sec]
2024-01-25 09:28:33 mars - INFO   - 20240125.092828 -   Writing to target file: 92.16 Kbyte(s) in < 1 sec [35.12 Mbyte/sec]
2024-01-25 09:28:33 mars - INFO   - 20240125.092828 - Memory used: 57.45 Mbyte(s)
2024-01-25 09:28:33 mars - INFO   - 20240125.092828 - No errors reported
2024-01-25 09:28:33 Process '['nice', 'mars', '/tmp/20240125-0920/b0/tmp-_mars-7aZKxk.req']' finished
2024-01-25 09:28:33 Calling 'nice /opt/ecmwf/mars-client/bin/grib_to_netcdf /data/scratch/private/blue/03/20240125-0920/be/_mars-bol-webmars-private-svc-blue-011-d4755d5b313f7cded016e66ba0cd989b-j1vNAq.grib -o /data/scratch/private/blue/01/20240125-0920/23/_grib2netcdf-bol-webmars-private-svc-blue-008-0d255c279e874ad03d66f5487aef1007-q7l4Sn.nc -utime'
2024-01-25 09:28:33 grib_to_netcdf: Version 2.32.0
2024-01-25 09:28:33 grib_to_netcdf: Processing input file '/data/scratch/private/blue/03/20240125-0920/be/_mars-bol-webmars-private-svc-blue-011-d4755d5b313f7cded016e66ba0cd989b-j1vNAq.grib'.
2024-01-25 09:28:33 grib_to_netcdf: Found 1 GRIB field in 1 file.
2024-01-25 09:28:33 grib_to_netcdf: Ignoring key(s): method, type, stream, refdate, hdate
2024-01-25 09:28:33 grib_to_netcdf: Creating netCDF file '/data/scratch/private/blue/01/20240125-0920/23/_grib2netcdf-bol-webmars-private-svc-blue-008-0d255c279e874ad03d66f5487aef1007-q7l4Sn.nc'
2024-01-25 09:28:33 grib_to_netcdf: NetCDF library version: 4.3.3.1 of Dec 10 2015 16:44:18 $
2024-01-25 09:28:33 grib_to_netcdf: Creating large (64 bit) file format.
2024-01-25 09:28:33 grib_to_netcdf: Defining variable 'sst'.
2024-01-25 09:28:33 grib_to_netcdf: Done.
2024-01-25 09:28:33 Process '['nice', '/opt/ecmwf/mars-client/bin/grib_to_netcdf', '/data/scratch/private/blue/03/20240125-0920/be/_mars-bol-webmars-private-svc-blue-011-d4755d5b313f7cded016e66ba0cd989b-j1vNAq.grib', '-o', '/data/scratch/private/blue/01/20240125-0920/23/_grib2netcdf-bol-webmars-private-svc-blue-008-0d255c279e874ad03d66f5487aef1007-q7l4Sn.nc', '-utime']' finished
2024-01-25 09:28:33 Request is complete
2024-01-25 09:28:33 Transfering 94.8789 Kbytes into b2rc_2023-10-11_sst.nc
2024-01-25 09:28:33 From https://apps.ecmwf.int/api/streaming/private/blue/01/20240125-0920/23/_grib2netcdf-bol-webmars-private-svc-blue-008-0d255c279e874ad03d66f5487aef1007-q7l4Sn.nc
2024-01-25 09:28:34 Transfer rate 396.339 Kbytes/s
2024-01-25 09:28:34 Done
2024-01-25 09:27:04 ECMWF API python library 1.6.3
2024-01-25 09:27:04 ECMWF API at https://api.ecmwf.int/v1
2024-01-25 09:27:04 Welcome Shirin Ermis
2024-01-25 09:27:05 In case of problems, please check https://confluence.ecmwf.int/display/WEBAPI/Web+API+FAQ or contact servicedesk@ecmwf.int
2024-01-25 09:27:05 Request submitted
2024-01-25 09:27:05 Request id: 65b22969be63bbede8fb726b
2024-01-25 09:27:05 Request is submitted
2024-01-25 09:27:06 Request is queued
2024-01-25 09:28:34 Request is active
2024-01-25 09:29:11 Calling 'nice mars /tmp/20240125-0920/af/tmp-_mars-FkZvbH.req'
2024-01-25 09:29:11 Forcing MIR_CACHE_PATH=/data/ec_coeff
2024-01-25 09:29:11 mars - WARN -
2024-01-25 09:29:11 mars - WARN -
2024-01-25 09:29:11 MIR environment variables:
2024-01-25 09:29:11 MIR_CACHE_PATH=/data/ec_coeff
2024-01-25 09:29:11 MIR_LSM_NAMED=1km.climate.v013
2024-01-25 09:29:11 Using MARS binary: /usr/local/apps/mars/versions/6.33.16.2/bin/mars.bin
2024-01-25 09:29:11 mars - INFO   - 20240125.092830 - Welcome to MARS
2024-01-25 09:29:11 mars - INFO   - 20240125.092830 - MARS Client build stamp: 20231005152332
2024-01-25 09:29:11 mars - INFO   - 20240125.092830 - MARS Client bundle version: 6.33.16.2
2024-01-25 09:29:11 mars - INFO   - 20240125.092830 - package mars-client version: 6.33.16
2024-01-25 09:29:11 mars - INFO   - 20240125.092830 - package mir version: 1.18.0
2024-01-25 09:29:11 mars - INFO   - 20240125.092830 - package odc version: 1.4.6
2024-01-25 09:29:11 mars - INFO   - 20240125.092830 - package fdb version: 5.11.23
2024-01-25 09:29:11 mars - INFO   - 20240125.092830 - package metkit version: 1.10.15
2024-01-25 09:29:11 mars - INFO   - 20240125.092830 - package eckit version: 1.24.4
2024-01-25 09:29:11 mars - INFO   - 20240125.092830 - package eccodes version: 2.32.0
2024-01-25 09:29:11 mars - INFO   - 20240125.092830 - Maximum retrieval size is 75.00 G
2024-01-25 09:29:11 retrieve,target="b2rc_2023-10-15_sst.nc",stream=enfo,area=e,levtype=sfc,number=1,param=34.128,padding=0,step=0,grid=0.25/0.25,expver=b2rc,time=00:00:00,date=2023-10-15,type=pf,class=ukmars - INFO   - 20240125.092830 - Automatic split on dates is on
2024-01-25 09:29:11 
2024-01-25 09:29:11 mars - INFO   - 20240125.092830 - Processing request 1
2024-01-25 09:29:11 
2024-01-25 09:29:11 RETRIEVE,
2024-01-25 09:29:11     CLASS      = UK,
2024-01-25 09:29:11     TYPE       = PF,
2024-01-25 09:29:11     STREAM     = ENFO,
2024-01-25 09:29:11     EXPVER     = b2rc,
2024-01-25 09:29:11     REPRES     = SH,
2024-01-25 09:29:11     LEVTYPE    = SFC,
2024-01-25 09:29:11     PARAM      = 34.128,
2024-01-25 09:29:11     TIME       = 0000,
2024-01-25 09:29:11     STEP       = 0,
2024-01-25 09:29:11     NUMBER     = 1,
2024-01-25 09:29:11     DOMAIN     = G,
2024-01-25 09:29:11     TARGET     = "b2rc_2023-10-15_sst.nc",
2024-01-25 09:29:11     RESOL      = AUTO,
2024-01-25 09:29:11     AREA       = 73.5/-27/33/45,
2024-01-25 09:29:11     GRID       = 0.25/0.25,
2024-01-25 09:29:11     PADDING    = 0,
2024-01-25 09:29:11     DATE       = 20231015
2024-01-25 09:29:11 
2024-01-25 09:29:11 mars - INFO   - 20240125.092830 - Web API request id: 65b22969be63bbede8fb726b
2024-01-25 09:29:11 mars - INFO   - 20240125.092830 - Requesting 1 field
2024-01-25 09:29:11 mars - INFO   - 20240125.092830 - Setting SO_SNDBUF to 33554432 (32.00 M)
2024-01-25 09:29:11 mars - INFO   - 20240125.092830 - Current value is 8192 (8.00 K)
2024-01-25 09:29:11 mars - INFO   - 20240125.092830 - Setting SO_RCVBUF to 33554432 (32.00 M)
2024-01-25 09:29:11 mars - INFO   - 20240125.092830 - Current value is 43690 (42.67 K)
2024-01-25 09:29:11 mars - INFO   - 20240125.092830 - Calling mars on 'fdbprod', local port is 50421
2024-01-25 09:29:11 mars - INFO   - 20240125.092830 - Server task is 246 [ATOS FDB]
2024-01-25 09:29:11 mars - INFO   - 20240125.092830 - Retrieving from FDB [ATOS FDB]
2024-01-25 09:29:11 mars - INFO   - 20240125.092830 - Looking up FDB indexes: 0.007089 second elapsed, 0.004041 second cpu [ATOS FDB]
2024-01-25 09:29:11 mars - INFO   - 20240125.092830 - Calling mars on 'marsrd-core', local port is 58432
2024-01-25 09:29:11 mars - INFO   - 20240125.092830 - Server task is 632 [marsrd]
2024-01-25 09:29:11 mars - INFO   - 20240125.092830 - Request cost: 0 field,  [marsrd]
2024-01-25 09:29:11 mars - INFO   - 20240125.092830 - The efficiency of your requests in the last 12 hours is 100% [marsrd]
2024-01-25 09:29:11 mars - WARN   - 20240125.092830 - Data not found [marsrd]
2024-01-25 09:29:11 mars - INFO   - 20240125.092830 - Calling mars on 'marsms-core', local port is 40907
2024-01-25 09:29:11 mars - INFO   - 20240125.092830 - Server task is 378 [marsms]
2024-01-25 09:29:11 mars - INFO   - 20240125.092830 - Request cost: 1 field, 3.17154 Mbytes on 1 tape, nodes: hpss, libraries: ibmlib02 [marsms]
2024-01-25 09:29:11 mars - INFO   - 20240125.092830 - The efficiency of your requests in the last 12 hours is 100% [marsms]
2024-01-25 09:29:11 mars - INFO   - 20240125.092909 - Transfering 3325602 bytes
2024-01-25 09:29:11 mars - INFO   - 20240125.092909 - 1 field retrieved from 'marsms'
2024-01-25 09:29:11 mars - INFO   - 20240125.092909 - 1 field has been interpolated
2024-01-25 09:29:11 mars - INFO   - 20240125.092909 - Request time:  wall: 40 sec
2024-01-25 09:29:11 mars - INFO   - 20240125.092909 -   Processing in marsms: wall: 39 sec
2024-01-25 09:29:11 mars - INFO   - 20240125.092909 -   Visiting marsms: wall: 40 sec
2024-01-25 09:29:11 mars - INFO   - 20240125.092909 -   Read from network: 3.17 Mbyte(s) in < 1 sec [206.20 Mbyte/sec]
2024-01-25 09:29:11 mars - INFO   - 20240125.092909 -   Writing to target file: 92.16 Kbyte(s) in < 1 sec [32.27 Mbyte/sec]
2024-01-25 09:29:11 mars - INFO   - 20240125.092909 - Memory used: 57.45 Mbyte(s)
2024-01-25 09:29:11 mars - INFO   - 20240125.092909 - No errors reported
2024-01-25 09:29:11 Process '['nice', 'mars', '/tmp/20240125-0920/af/tmp-_mars-FkZvbH.req']' finished
2024-01-25 09:29:11 Calling 'nice /opt/ecmwf/mars-client/bin/grib_to_netcdf /data/scratch/private/blue/01/20240125-0920/08/_mars-bol-webmars-private-svc-blue-002-0d255c279e874ad03d66f5487aef1007-NO8zvO.grib -o /data/scratch/private/blue/03/20240125-0920/d7/_grib2netcdf-bol-webmars-private-svc-blue-006-d4755d5b313f7cded016e66ba0cd989b-Rgk2dp.nc -utime'
2024-01-25 09:29:11 grib_to_netcdf: Version 2.32.0
2024-01-25 09:29:11 grib_to_netcdf: Processing input file '/data/scratch/private/blue/01/20240125-0920/08/_mars-bol-webmars-private-svc-blue-002-0d255c279e874ad03d66f5487aef1007-NO8zvO.grib'.
2024-01-25 09:29:11 grib_to_netcdf: Found 1 GRIB field in 1 file.
2024-01-25 09:29:11 grib_to_netcdf: Ignoring key(s): method, type, stream, refdate, hdate
2024-01-25 09:29:11 grib_to_netcdf: Creating netCDF file '/data/scratch/private/blue/03/20240125-0920/d7/_grib2netcdf-bol-webmars-private-svc-blue-006-d4755d5b313f7cded016e66ba0cd989b-Rgk2dp.nc'
2024-01-25 09:29:11 grib_to_netcdf: NetCDF library version: 4.3.3.1 of Dec 10 2015 16:44:18 $
2024-01-25 09:29:11 grib_to_netcdf: Creating large (64 bit) file format.
2024-01-25 09:29:11 grib_to_netcdf: Defining variable 'sst'.
2024-01-25 09:29:11 grib_to_netcdf: Done.
2024-01-25 09:29:11 Process '['nice', '/opt/ecmwf/mars-client/bin/grib_to_netcdf', '/data/scratch/private/blue/01/20240125-0920/08/_mars-bol-webmars-private-svc-blue-002-0d255c279e874ad03d66f5487aef1007-NO8zvO.grib', '-o', '/data/scratch/private/blue/03/20240125-0920/d7/_grib2netcdf-bol-webmars-private-svc-blue-006-d4755d5b313f7cded016e66ba0cd989b-Rgk2dp.nc', '-utime']' finished
2024-01-25 09:29:11 Request is complete
2024-01-25 09:29:11 Transfering 94.8789 Kbytes into b2rc_2023-10-15_sst.nc
2024-01-25 09:29:11 From https://apps.ecmwf.int/api/streaming/private/blue/03/20240125-0920/d7/_grib2netcdf-bol-webmars-private-svc-blue-006-d4755d5b313f7cded016e66ba0cd989b-Rgk2dp.nc
2024-01-25 09:29:12 Transfer rate 465.479 Kbytes/s
2024-01-25 09:29:12 Done
2024-01-25 09:27:04 ECMWF API python library 1.6.3
2024-01-25 09:27:04 ECMWF API at https://api.ecmwf.int/v1
2024-01-25 09:27:04 Welcome Shirin Ermis
2024-01-25 09:27:05 In case of problems, please check https://confluence.ecmwf.int/display/WEBAPI/Web+API+FAQ or contact servicedesk@ecmwf.int
2024-01-25 09:27:05 Request submitted
2024-01-25 09:27:05 Request id: 65b22969ff94593933fb7456
2024-01-25 09:27:05 Request is submitted
2024-01-25 09:27:07 Request is queued
2024-01-25 09:29:17 Request is active
2024-01-25 09:30:31 Calling 'nice mars /tmp/20240125-0920/55/tmp-_mars-eTZOsE.req'
2024-01-25 09:30:31 Forcing MIR_CACHE_PATH=/data/ec_coeff
2024-01-25 09:30:31 mars - WARN -
2024-01-25 09:30:31 mars - WARN -
2024-01-25 09:30:31 MIR environment variables:
2024-01-25 09:30:31 MIR_CACHE_PATH=/data/ec_coeff
2024-01-25 09:30:31 MIR_LSM_NAMED=1km.climate.v013
2024-01-25 09:30:31 Using MARS binary: /usr/local/apps/mars/versions/6.33.16.2/bin/mars.bin
2024-01-25 09:30:31 mars - INFO   - 20240125.092911 - Welcome to MARS
2024-01-25 09:30:31 mars - INFO   - 20240125.092911 - MARS Client build stamp: 20231005152332
2024-01-25 09:30:31 mars - INFO   - 20240125.092911 - MARS Client bundle version: 6.33.16.2
2024-01-25 09:30:31 mars - INFO   - 20240125.092911 - package mars-client version: 6.33.16
2024-01-25 09:30:31 mars - INFO   - 20240125.092911 - package mir version: 1.18.0
2024-01-25 09:30:31 mars - INFO   - 20240125.092911 - package odc version: 1.4.6
2024-01-25 09:30:31 mars - INFO   - 20240125.092911 - package fdb version: 5.11.23
2024-01-25 09:30:31 mars - INFO   - 20240125.092911 - package metkit version: 1.10.15
2024-01-25 09:30:31 mars - INFO   - 20240125.092911 - package eckit version: 1.24.4
2024-01-25 09:30:31 mars - INFO   - 20240125.092911 - package eccodes version: 2.32.0
2024-01-25 09:30:31 mars - INFO   - 20240125.092911 - Maximum retrieval size is 75.00 G
2024-01-25 09:30:31 retrieve,target="b2rc_2023-10-17_sst.nc",stream=enfo,area=e,levtype=sfc,number=1,param=34.128,padding=0,step=0,grid=0.25/0.25,expver=b2rc,time=00:00:00,date=2023-10-17,type=pf,class=ukmars - INFO   - 20240125.092911 - Automatic split on dates is on
2024-01-25 09:30:31 
2024-01-25 09:30:31 mars - INFO   - 20240125.092911 - Processing request 1
2024-01-25 09:30:31 
2024-01-25 09:30:31 RETRIEVE,
2024-01-25 09:30:31     CLASS      = UK,
2024-01-25 09:30:31     TYPE       = PF,
2024-01-25 09:30:31     STREAM     = ENFO,
2024-01-25 09:30:31     EXPVER     = b2rc,
2024-01-25 09:30:31     REPRES     = SH,
2024-01-25 09:30:31     LEVTYPE    = SFC,
2024-01-25 09:30:31     PARAM      = 34.128,
2024-01-25 09:30:31     TIME       = 0000,
2024-01-25 09:30:31     STEP       = 0,
2024-01-25 09:30:31     NUMBER     = 1,
2024-01-25 09:30:31     DOMAIN     = G,
2024-01-25 09:30:31     TARGET     = "b2rc_2023-10-17_sst.nc",
2024-01-25 09:30:31     RESOL      = AUTO,
2024-01-25 09:30:31     AREA       = 73.5/-27/33/45,
2024-01-25 09:30:31     GRID       = 0.25/0.25,
2024-01-25 09:30:31     PADDING    = 0,
2024-01-25 09:30:31     DATE       = 20231017
2024-01-25 09:30:31 
2024-01-25 09:30:31 mars - INFO   - 20240125.092911 - Web API request id: 65b22969ff94593933fb7456
2024-01-25 09:30:31 mars - INFO   - 20240125.092911 - Requesting 1 field
2024-01-25 09:30:31 mars - INFO   - 20240125.092911 - Setting SO_SNDBUF to 33554432 (32.00 M)
2024-01-25 09:30:31 mars - INFO   - 20240125.092911 - Current value is 8192 (8.00 K)
2024-01-25 09:30:31 mars - INFO   - 20240125.092911 - Setting SO_RCVBUF to 33554432 (32.00 M)
2024-01-25 09:30:31 mars - INFO   - 20240125.092911 - Current value is 43690 (42.67 K)
2024-01-25 09:30:31 mars - INFO   - 20240125.092911 - Calling mars on 'fdbprod', local port is 60306
2024-01-25 09:30:31 mars - INFO   - 20240125.092911 - Server task is 766 [ATOS FDB]
2024-01-25 09:30:31 mars - INFO   - 20240125.092911 - Retrieving from FDB [ATOS FDB]
2024-01-25 09:30:31 mars - INFO   - 20240125.092911 - Looking up FDB indexes: 0.004704 second elapsed, 0.003748 second cpu [ATOS FDB]
2024-01-25 09:30:31 mars - INFO   - 20240125.092911 - Calling mars on 'marsrd-core', local port is 44436
2024-01-25 09:30:31 mars - INFO   - 20240125.092912 - Server task is 896 [marsrd]
2024-01-25 09:30:31 mars - INFO   - 20240125.092912 - Request cost: 0 field,  [marsrd]
2024-01-25 09:30:31 mars - INFO   - 20240125.092912 - The efficiency of your requests in the last 12 hours is 100% [marsrd]
2024-01-25 09:30:31 mars - WARN   - 20240125.092912 - Data not found [marsrd]
2024-01-25 09:30:31 mars - INFO   - 20240125.092912 - Calling mars on 'marsms-core', local port is 33975
2024-01-25 09:30:31 mars - INFO   - 20240125.092912 - Server task is 378 [marsms]
2024-01-25 09:30:31 mars - INFO   - 20240125.092912 - Request cost: 1 field, 3.17154 Mbytes on 1 tape, nodes: hpss, libraries: ibmlib02 [marsms]
2024-01-25 09:30:31 mars - INFO   - 20240125.092912 - The efficiency of your requests in the last 12 hours is 100% [marsms]
2024-01-25 09:30:31 mars - INFO   - 20240125.093026 - Transfering 3325602 bytes
2024-01-25 09:30:31 mars - INFO   - 20240125.093026 - 1 field retrieved from 'marsms'
2024-01-25 09:30:31 mars - INFO   - 20240125.093026 - 1 field has been interpolated
2024-01-25 09:30:31 mars - INFO   - 20240125.093026 - Request time:  wall: 1 min 15 sec
2024-01-25 09:30:31 mars - INFO   - 20240125.093026 -   Processing in marsms: wall: 1 min 14 sec
2024-01-25 09:30:31 mars - INFO   - 20240125.093026 -   Visiting marsms: wall: 1 min 15 sec
2024-01-25 09:30:31 mars - INFO   - 20240125.093026 -   Read from network: 3.17 Mbyte(s) in < 1 sec [208.53 Mbyte/sec]
2024-01-25 09:30:31 mars - INFO   - 20240125.093026 -   Writing to target file: 92.16 Kbyte(s) in < 1 sec [47.05 Mbyte/sec]
2024-01-25 09:30:31 mars - INFO   - 20240125.093026 - Memory used: 57.45 Mbyte(s)
2024-01-25 09:30:31 mars - INFO   - 20240125.093026 - No errors reported
2024-01-25 09:30:31 Process '['nice', 'mars', '/tmp/20240125-0920/55/tmp-_mars-eTZOsE.req']' finished
2024-01-25 09:30:31 Calling 'nice /opt/ecmwf/mars-client/bin/grib_to_netcdf /data/scratch/private/blue/02/20240125-0920/4d/_mars-bol-webmars-private-svc-blue-009-4a73a881a8d5eead47db9eff2f9935a4-G_iHLr.grib -o /data/scratch/private/blue/02/20240125-0930/a8/_grib2netcdf-bol-webmars-private-svc-blue-009-4a73a881a8d5eead47db9eff2f9935a4-NdhUcy.nc -utime'
2024-01-25 09:30:31 grib_to_netcdf: Version 2.32.0
2024-01-25 09:30:31 grib_to_netcdf: Processing input file '/data/scratch/private/blue/02/20240125-0920/4d/_mars-bol-webmars-private-svc-blue-009-4a73a881a8d5eead47db9eff2f9935a4-G_iHLr.grib'.
2024-01-25 09:30:31 grib_to_netcdf: Found 1 GRIB field in 1 file.
2024-01-25 09:30:31 grib_to_netcdf: Ignoring key(s): method, type, stream, refdate, hdate
2024-01-25 09:30:31 grib_to_netcdf: Creating netCDF file '/data/scratch/private/blue/02/20240125-0930/a8/_grib2netcdf-bol-webmars-private-svc-blue-009-4a73a881a8d5eead47db9eff2f9935a4-NdhUcy.nc'
2024-01-25 09:30:31 grib_to_netcdf: NetCDF library version: 4.3.3.1 of Dec 10 2015 16:44:18 $
2024-01-25 09:30:31 grib_to_netcdf: Creating large (64 bit) file format.
2024-01-25 09:30:31 grib_to_netcdf: Defining variable 'sst'.
2024-01-25 09:30:31 grib_to_netcdf: Done.
2024-01-25 09:30:31 Process '['nice', '/opt/ecmwf/mars-client/bin/grib_to_netcdf', '/data/scratch/private/blue/02/20240125-0920/4d/_mars-bol-webmars-private-svc-blue-009-4a73a881a8d5eead47db9eff2f9935a4-G_iHLr.grib', '-o', '/data/scratch/private/blue/02/20240125-0930/a8/_grib2netcdf-bol-webmars-private-svc-blue-009-4a73a881a8d5eead47db9eff2f9935a4-NdhUcy.nc', '-utime']' finished
2024-01-25 09:30:31 Request is complete
2024-01-25 09:30:31 Transfering 94.8789 Kbytes into b2rc_2023-10-17_sst.nc
2024-01-25 09:30:31 From https://apps.ecmwf.int/api/streaming/private/blue/02/20240125-0930/a8/_grib2netcdf-bol-webmars-private-svc-blue-009-4a73a881a8d5eead47db9eff2f9935a4-NdhUcy.nc
2024-01-25 09:30:32 Transfer rate 398.14 Kbytes/s
2024-01-25 09:30:32 Done
2024-01-25 09:36:12 ECMWF API python library 1.6.3
2024-01-25 09:36:12 ECMWF API at https://api.ecmwf.int/v1
2024-01-25 09:36:12 Welcome Shirin Ermis
2024-01-25 09:36:12 In case of problems, please check https://confluence.ecmwf.int/display/WEBAPI/Web+API+FAQ or contact servicedesk@ecmwf.int
2024-01-25 09:36:13 Request submitted
2024-01-25 09:36:13 Request id: 65b22b8d3b9df2af898d0a73
2024-01-25 09:36:13 Request is submitted
2024-01-25 09:36:14 Request is active
2024-01-25 09:37:51 Calling 'nice mars /tmp/20240125-0930/e4/tmp-_mars-R1vVE3.req'
2024-01-25 09:37:51 Forcing MIR_CACHE_PATH=/data/ec_coeff
2024-01-25 09:37:51 mars - WARN -
2024-01-25 09:37:51 mars - WARN -
2024-01-25 09:37:51 MIR environment variables:
2024-01-25 09:37:51 MIR_CACHE_PATH=/data/ec_coeff
2024-01-25 09:37:51 MIR_LSM_NAMED=1km.climate.v013
2024-01-25 09:37:51 Using MARS binary: /usr/local/apps/mars/versions/6.33.16.2/bin/mars.bin
2024-01-25 09:37:51 mars - INFO   - 20240125.093614 - Welcome to MARS
2024-01-25 09:37:51 mars - INFO   - 20240125.093614 - MARS Client build stamp: 20231005152332
2024-01-25 09:37:51 mars - INFO   - 20240125.093614 - MARS Client bundle version: 6.33.16.2
2024-01-25 09:37:51 mars - INFO   - 20240125.093614 - package mars-client version: 6.33.16
2024-01-25 09:37:51 mars - INFO   - 20240125.093614 - package mir version: 1.18.0
2024-01-25 09:37:51 mars - INFO   - 20240125.093614 - package odc version: 1.4.6
2024-01-25 09:37:51 mars - INFO   - 20240125.093614 - package fdb version: 5.11.23
2024-01-25 09:37:51 mars - INFO   - 20240125.093614 - package metkit version: 1.10.15
2024-01-25 09:37:51 mars - INFO   - 20240125.093614 - package eckit version: 1.24.4
2024-01-25 09:37:51 mars - INFO   - 20240125.093614 - package eccodes version: 2.32.0
2024-01-25 09:37:51 mars - INFO   - 20240125.093614 - Maximum retrieval size is 75.00 G
2024-01-25 09:37:51 retrieve,target="b2rd_2023-10-11_sst.nc",stream=enfo,area=e,levtype=sfc,number=1,param=34.128,padding=0,step=0,grid=0.25/0.25,expver=b2rd,time=00:00:00,date=2023-10-11,type=pf,class=ukmars - INFO   - 20240125.093614 - Automatic split on dates is on
2024-01-25 09:37:51 
2024-01-25 09:37:51 mars - INFO   - 20240125.093614 - Processing request 1
2024-01-25 09:37:51 
2024-01-25 09:37:51 RETRIEVE,
2024-01-25 09:37:51     CLASS      = UK,
2024-01-25 09:37:51     TYPE       = PF,
2024-01-25 09:37:51     STREAM     = ENFO,
2024-01-25 09:37:51     EXPVER     = b2rd,
2024-01-25 09:37:51     REPRES     = SH,
2024-01-25 09:37:51     LEVTYPE    = SFC,
2024-01-25 09:37:51     PARAM      = 34.128,
2024-01-25 09:37:51     TIME       = 0000,
2024-01-25 09:37:51     STEP       = 0,
2024-01-25 09:37:51     NUMBER     = 1,
2024-01-25 09:37:51     DOMAIN     = G,
2024-01-25 09:37:51     TARGET     = "b2rd_2023-10-11_sst.nc",
2024-01-25 09:37:51     RESOL      = AUTO,
2024-01-25 09:37:51     AREA       = 73.5/-27/33/45,
2024-01-25 09:37:51     GRID       = 0.25/0.25,
2024-01-25 09:37:51     PADDING    = 0,
2024-01-25 09:37:51     DATE       = 20231011
2024-01-25 09:37:51 
2024-01-25 09:37:51 mars - INFO   - 20240125.093614 - Web API request id: 65b22b8d3b9df2af898d0a73
2024-01-25 09:37:51 mars - INFO   - 20240125.093614 - Requesting 1 field
2024-01-25 09:37:51 mars - INFO   - 20240125.093614 - Setting SO_SNDBUF to 33554432 (32.00 M)
2024-01-25 09:37:51 mars - INFO   - 20240125.093614 - Current value is 8192 (8.00 K)
2024-01-25 09:37:51 mars - INFO   - 20240125.093614 - Setting SO_RCVBUF to 33554432 (32.00 M)
2024-01-25 09:37:51 mars - INFO   - 20240125.093614 - Current value is 43690 (42.67 K)
2024-01-25 09:37:51 mars - INFO   - 20240125.093614 - Calling mars on 'fdbprod', local port is 45661
2024-01-25 09:37:51 mars - INFO   - 20240125.093614 - Server task is 756 [ATOS FDB]
2024-01-25 09:37:51 mars - INFO   - 20240125.093614 - Retrieving from FDB [ATOS FDB]
2024-01-25 09:37:51 mars - INFO   - 20240125.093614 - Looking up FDB indexes: 0.00602 second elapsed, 0.004214 second cpu [ATOS FDB]
2024-01-25 09:37:51 mars - INFO   - 20240125.093614 - Calling mars on 'marsrd-core', local port is 55397
2024-01-25 09:37:51 mars - INFO   - 20240125.093614 - Server task is 413 [marsrd]
2024-01-25 09:37:51 mars - INFO   - 20240125.093614 - Request cost: 0 field,  [marsrd]
2024-01-25 09:37:51 mars - INFO   - 20240125.093614 - The efficiency of your requests in the last 12 hours is 100% [marsrd]
2024-01-25 09:37:51 mars - WARN   - 20240125.093614 - Data not found [marsrd]
2024-01-25 09:37:51 mars - INFO   - 20240125.093614 - Calling mars on 'marsms-core', local port is 58132
2024-01-25 09:37:51 mars - INFO   - 20240125.093614 - Server task is 378 [marsms]
2024-01-25 09:37:51 mars - INFO   - 20240125.093614 - Request cost: 1 field, 3.17154 Mbytes on 1 tape, nodes: hpss, libraries: ibmlib02 [marsms]
2024-01-25 09:37:51 mars - INFO   - 20240125.093614 - The efficiency of your requests in the last 12 hours is 100% [marsms]
2024-01-25 09:37:51 mars - INFO   - 20240125.093745 - Transfering 3325602 bytes
2024-01-25 09:37:51 mars - INFO   - 20240125.093746 - 1 field retrieved from 'marsms'
2024-01-25 09:37:51 mars - INFO   - 20240125.093746 - 1 field has been interpolated
2024-01-25 09:37:51 mars - INFO   - 20240125.093746 - Request time:  wall: 1 min 32 sec
2024-01-25 09:37:51 mars - INFO   - 20240125.093746 -   Processing in marsms: wall: 1 min 31 sec
2024-01-25 09:37:51 mars - INFO   - 20240125.093746 -   Visiting marsms: wall: 1 min 32 sec
2024-01-25 09:37:51 mars - INFO   - 20240125.093746 -   Read from network: 3.17 Mbyte(s) in < 1 sec [185.57 Mbyte/sec]
2024-01-25 09:37:51 mars - INFO   - 20240125.093746 -   Writing to target file: 92.16 Kbyte(s) in < 1 sec [55.39 Mbyte/sec]
2024-01-25 09:37:51 mars - INFO   - 20240125.093746 - Memory used: 57.45 Mbyte(s)
2024-01-25 09:37:51 mars - INFO   - 20240125.093746 - No errors reported
2024-01-25 09:37:51 Process '['nice', 'mars', '/tmp/20240125-0930/e4/tmp-_mars-R1vVE3.req']' finished
2024-01-25 09:37:51 Calling 'nice /opt/ecmwf/mars-client/bin/grib_to_netcdf /data/scratch/private/blue/01/20240125-0930/72/_mars-bol-webmars-private-svc-blue-000-0d255c279e874ad03d66f5487aef1007-vCWuuN.grib -o /data/scratch/private/blue/03/20240125-0930/16/_grib2netcdf-bol-webmars-private-svc-blue-009-d4755d5b313f7cded016e66ba0cd989b-nhRzyu.nc -utime'
2024-01-25 09:37:51 grib_to_netcdf: Version 2.32.0
2024-01-25 09:37:51 grib_to_netcdf: Processing input file '/data/scratch/private/blue/01/20240125-0930/72/_mars-bol-webmars-private-svc-blue-000-0d255c279e874ad03d66f5487aef1007-vCWuuN.grib'.
2024-01-25 09:37:51 grib_to_netcdf: Found 1 GRIB field in 1 file.
2024-01-25 09:37:51 grib_to_netcdf: Ignoring key(s): method, type, stream, refdate, hdate
2024-01-25 09:37:51 grib_to_netcdf: Creating netCDF file '/data/scratch/private/blue/03/20240125-0930/16/_grib2netcdf-bol-webmars-private-svc-blue-009-d4755d5b313f7cded016e66ba0cd989b-nhRzyu.nc'
2024-01-25 09:37:51 grib_to_netcdf: NetCDF library version: 4.3.3.1 of Dec 10 2015 16:44:18 $
2024-01-25 09:37:51 grib_to_netcdf: Creating large (64 bit) file format.
2024-01-25 09:37:51 grib_to_netcdf: Defining variable 'sst'.
2024-01-25 09:37:51 grib_to_netcdf: Done.
2024-01-25 09:37:51 Process '['nice', '/opt/ecmwf/mars-client/bin/grib_to_netcdf', '/data/scratch/private/blue/01/20240125-0930/72/_mars-bol-webmars-private-svc-blue-000-0d255c279e874ad03d66f5487aef1007-vCWuuN.grib', '-o', '/data/scratch/private/blue/03/20240125-0930/16/_grib2netcdf-bol-webmars-private-svc-blue-009-d4755d5b313f7cded016e66ba0cd989b-nhRzyu.nc', '-utime']' finished
2024-01-25 09:37:51 Request is complete
2024-01-25 09:37:51 Transfering 94.8789 Kbytes into b2rd_2023-10-11_sst.nc
2024-01-25 09:37:51 From https://apps.ecmwf.int/api/streaming/private/blue/03/20240125-0930/16/_grib2netcdf-bol-webmars-private-svc-blue-009-d4755d5b313f7cded016e66ba0cd989b-nhRzyu.nc
2024-01-25 09:37:51 Transfer rate 422.156 Kbytes/s
2024-01-25 09:37:52 Done
2024-01-25 09:36:12 ECMWF API python library 1.6.3
2024-01-25 09:36:12 ECMWF API at https://api.ecmwf.int/v1
2024-01-25 09:36:12 Welcome Shirin Ermis
2024-01-25 09:36:13 In case of problems, please check https://confluence.ecmwf.int/display/WEBAPI/Web+API+FAQ or contact servicedesk@ecmwf.int
2024-01-25 09:36:13 Request submitted
2024-01-25 09:36:13 Request id: 65b22b8d1584aea87f4edd16
2024-01-25 09:36:13 Request is submitted
2024-01-25 09:36:15 Request is queued
2024-01-25 09:37:51 Request is active
2024-01-25 09:38:18 Calling 'nice mars /tmp/20240125-0930/49/tmp-_mars-5E66y2.req'
2024-01-25 09:38:18 Forcing MIR_CACHE_PATH=/data/ec_coeff
2024-01-25 09:38:18 mars - WARN -
2024-01-25 09:38:18 mars - WARN -
2024-01-25 09:38:18 MIR environment variables:
2024-01-25 09:38:18 MIR_CACHE_PATH=/data/ec_coeff
2024-01-25 09:38:18 MIR_LSM_NAMED=1km.climate.v013
2024-01-25 09:38:18 Using MARS binary: /usr/local/apps/mars/versions/6.33.16.2/bin/mars.bin
2024-01-25 09:38:18 mars - INFO   - 20240125.093748 - Welcome to MARS
2024-01-25 09:38:18 mars - INFO   - 20240125.093748 - MARS Client build stamp: 20231005152332
2024-01-25 09:38:18 mars - INFO   - 20240125.093748 - MARS Client bundle version: 6.33.16.2
2024-01-25 09:38:18 mars - INFO   - 20240125.093748 - package mars-client version: 6.33.16
2024-01-25 09:38:18 mars - INFO   - 20240125.093748 - package mir version: 1.18.0
2024-01-25 09:38:18 mars - INFO   - 20240125.093748 - package odc version: 1.4.6
2024-01-25 09:38:18 mars - INFO   - 20240125.093748 - package fdb version: 5.11.23
2024-01-25 09:38:18 mars - INFO   - 20240125.093748 - package metkit version: 1.10.15
2024-01-25 09:38:18 mars - INFO   - 20240125.093748 - package eckit version: 1.24.4
2024-01-25 09:38:18 mars - INFO   - 20240125.093748 - package eccodes version: 2.32.0
2024-01-25 09:38:18 mars - INFO   - 20240125.093748 - Maximum retrieval size is 75.00 G
2024-01-25 09:38:18 retrieve,target="b2rd_2023-10-15_sst.nc",stream=enfo,area=e,levtype=sfc,number=1,param=34.128,padding=0,step=0,grid=0.25/0.25,expver=b2rd,time=00:00:00,date=2023-10-15,type=pf,class=ukmars - INFO   - 20240125.093748 - Automatic split on dates is on
2024-01-25 09:38:18 
2024-01-25 09:38:18 mars - INFO   - 20240125.093748 - Processing request 1
2024-01-25 09:38:18 
2024-01-25 09:38:18 RETRIEVE,
2024-01-25 09:38:18     CLASS      = UK,
2024-01-25 09:38:18     TYPE       = PF,
2024-01-25 09:38:18     STREAM     = ENFO,
2024-01-25 09:38:18     EXPVER     = b2rd,
2024-01-25 09:38:18     REPRES     = SH,
2024-01-25 09:38:18     LEVTYPE    = SFC,
2024-01-25 09:38:18     PARAM      = 34.128,
2024-01-25 09:38:18     TIME       = 0000,
2024-01-25 09:38:18     STEP       = 0,
2024-01-25 09:38:18     NUMBER     = 1,
2024-01-25 09:38:18     DOMAIN     = G,
2024-01-25 09:38:18     TARGET     = "b2rd_2023-10-15_sst.nc",
2024-01-25 09:38:18     RESOL      = AUTO,
2024-01-25 09:38:18     AREA       = 73.5/-27/33/45,
2024-01-25 09:38:18     GRID       = 0.25/0.25,
2024-01-25 09:38:18     PADDING    = 0,
2024-01-25 09:38:18     DATE       = 20231015
2024-01-25 09:38:18 
2024-01-25 09:38:18 mars - INFO   - 20240125.093748 - Web API request id: 65b22b8d1584aea87f4edd16
2024-01-25 09:38:18 mars - INFO   - 20240125.093748 - Requesting 1 field
2024-01-25 09:38:18 mars - INFO   - 20240125.093748 - Setting SO_SNDBUF to 33554432 (32.00 M)
2024-01-25 09:38:18 mars - INFO   - 20240125.093748 - Current value is 8192 (8.00 K)
2024-01-25 09:38:18 mars - INFO   - 20240125.093748 - Setting SO_RCVBUF to 33554432 (32.00 M)
2024-01-25 09:38:18 mars - INFO   - 20240125.093748 - Current value is 43690 (42.67 K)
2024-01-25 09:38:18 mars - INFO   - 20240125.093748 - Calling mars on 'fdbprod', local port is 57824
2024-01-25 09:38:18 mars - INFO   - 20240125.093748 - Server task is 988 [ATOS FDB]
2024-01-25 09:38:18 mars - INFO   - 20240125.093748 - Retrieving from FDB [ATOS FDB]
2024-01-25 09:38:18 mars - INFO   - 20240125.093748 - Looking up FDB indexes: 0.005304 second elapsed, 0.003924 second cpu [ATOS FDB]
2024-01-25 09:38:18 mars - INFO   - 20240125.093748 - Calling mars on 'marsrd-core', local port is 37768
2024-01-25 09:38:18 mars - INFO   - 20240125.093748 - Server task is 972 [marsrd]
2024-01-25 09:38:18 mars - INFO   - 20240125.093748 - Request cost: 0 field,  [marsrd]
2024-01-25 09:38:18 mars - INFO   - 20240125.093748 - The efficiency of your requests in the last 12 hours is 100% [marsrd]
2024-01-25 09:38:18 mars - WARN   - 20240125.093748 - Data not found [marsrd]
2024-01-25 09:38:18 mars - INFO   - 20240125.093748 - Calling mars on 'marsms-core', local port is 35688
2024-01-25 09:38:18 mars - INFO   - 20240125.093748 - Server task is 378 [marsms]
2024-01-25 09:38:18 mars - INFO   - 20240125.093748 - Request cost: 1 field, 3.17154 Mbytes on 1 tape, nodes: hpss, libraries: ibmlib02 [marsms]
2024-01-25 09:38:18 mars - INFO   - 20240125.093748 - The efficiency of your requests in the last 12 hours is 100% [marsms]
2024-01-25 09:38:18 mars - INFO   - 20240125.093815 - Transfering 3325602 bytes
2024-01-25 09:38:18 mars - INFO   - 20240125.093815 - 1 field retrieved from 'marsms'
2024-01-25 09:38:18 mars - INFO   - 20240125.093815 - 1 field has been interpolated
2024-01-25 09:38:18 mars - INFO   - 20240125.093815 - Request time:  wall: 27 sec
2024-01-25 09:38:18 mars - INFO   - 20240125.093815 -   Processing in marsms: wall: 27 sec
2024-01-25 09:38:18 mars - INFO   - 20240125.093815 -   Visiting marsms: wall: 27 sec
2024-01-25 09:38:18 mars - INFO   - 20240125.093815 -   Read from network: 3.17 Mbyte(s) in < 1 sec [119.75 Mbyte/sec]
2024-01-25 09:38:18 mars - INFO   - 20240125.093815 -   Writing to target file: 92.16 Kbyte(s) in < 1 sec [63.70 Mbyte/sec]
2024-01-25 09:38:18 mars - INFO   - 20240125.093815 - Memory used: 57.45 Mbyte(s)
2024-01-25 09:38:18 mars - INFO   - 20240125.093815 - No errors reported
2024-01-25 09:38:18 Process '['nice', 'mars', '/tmp/20240125-0930/49/tmp-_mars-5E66y2.req']' finished
2024-01-25 09:38:18 Calling 'nice /opt/ecmwf/mars-client/bin/grib_to_netcdf /data/scratch/private/blue/03/20240125-0930/9f/_mars-bol-webmars-private-svc-blue-000-d4755d5b313f7cded016e66ba0cd989b-R7il4D.grib -o /data/scratch/private/blue/04/20240125-0930/b7/_grib2netcdf-bol-webmars-private-svc-blue-006-7a527896970b09a4fc90fa37bf98d3ff-V_q8HT.nc -utime'
2024-01-25 09:38:18 grib_to_netcdf: Version 2.32.0
2024-01-25 09:38:18 grib_to_netcdf: Processing input file '/data/scratch/private/blue/03/20240125-0930/9f/_mars-bol-webmars-private-svc-blue-000-d4755d5b313f7cded016e66ba0cd989b-R7il4D.grib'.
2024-01-25 09:38:18 grib_to_netcdf: Found 1 GRIB field in 1 file.
2024-01-25 09:38:18 grib_to_netcdf: Ignoring key(s): method, type, stream, refdate, hdate
2024-01-25 09:38:18 grib_to_netcdf: Creating netCDF file '/data/scratch/private/blue/04/20240125-0930/b7/_grib2netcdf-bol-webmars-private-svc-blue-006-7a527896970b09a4fc90fa37bf98d3ff-V_q8HT.nc'
2024-01-25 09:38:18 grib_to_netcdf: NetCDF library version: 4.3.3.1 of Dec 10 2015 16:44:18 $
2024-01-25 09:38:18 grib_to_netcdf: Creating large (64 bit) file format.
2024-01-25 09:38:18 grib_to_netcdf: Defining variable 'sst'.
2024-01-25 09:38:18 grib_to_netcdf: Done.
2024-01-25 09:38:18 Process '['nice', '/opt/ecmwf/mars-client/bin/grib_to_netcdf', '/data/scratch/private/blue/03/20240125-0930/9f/_mars-bol-webmars-private-svc-blue-000-d4755d5b313f7cded016e66ba0cd989b-R7il4D.grib', '-o', '/data/scratch/private/blue/04/20240125-0930/b7/_grib2netcdf-bol-webmars-private-svc-blue-006-7a527896970b09a4fc90fa37bf98d3ff-V_q8HT.nc', '-utime']' finished
2024-01-25 09:38:18 Request is complete
2024-01-25 09:38:18 Transfering 94.8789 Kbytes into b2rd_2023-10-15_sst.nc
2024-01-25 09:38:18 From https://apps.ecmwf.int/api/streaming/private/blue/04/20240125-0930/b7/_grib2netcdf-bol-webmars-private-svc-blue-006-7a527896970b09a4fc90fa37bf98d3ff-V_q8HT.nc
2024-01-25 09:38:18 Transfer rate 398.593 Kbytes/s
2024-01-25 09:38:18 Done
2024-01-25 09:36:13 ECMWF API python library 1.6.3
2024-01-25 09:36:13 ECMWF API at https://api.ecmwf.int/v1
2024-01-25 09:36:13 Welcome Shirin Ermis
2024-01-25 09:36:14 In case of problems, please check https://confluence.ecmwf.int/display/WEBAPI/Web+API+FAQ or contact servicedesk@ecmwf.int
2024-01-25 09:36:14 Request submitted
2024-01-25 09:36:14 Request id: 65b22b8e1584aea87f4edd17
2024-01-25 09:36:14 Request is submitted
2024-01-25 09:36:15 Request is queued
2024-01-25 09:38:26 Request is active
2024-01-25 09:39:51 Calling 'nice mars /tmp/20240125-0930/d8/tmp-_mars-zmAkxX.req'
2024-01-25 09:39:51 Forcing MIR_CACHE_PATH=/data/ec_coeff
2024-01-25 09:39:51 mars - WARN -
2024-01-25 09:39:51 mars - WARN -
2024-01-25 09:39:51 MIR environment variables:
2024-01-25 09:39:51 MIR_CACHE_PATH=/data/ec_coeff
2024-01-25 09:39:51 MIR_LSM_NAMED=1km.climate.v013
2024-01-25 09:39:51 Using MARS binary: /usr/local/apps/mars/versions/6.33.16.2/bin/mars.bin
2024-01-25 09:39:51 mars - INFO   - 20240125.093816 - Welcome to MARS
2024-01-25 09:39:51 mars - INFO   - 20240125.093816 - MARS Client build stamp: 20231005152332
2024-01-25 09:39:51 mars - INFO   - 20240125.093816 - MARS Client bundle version: 6.33.16.2
2024-01-25 09:39:51 mars - INFO   - 20240125.093816 - package mars-client version: 6.33.16
2024-01-25 09:39:51 mars - INFO   - 20240125.093816 - package mir version: 1.18.0
2024-01-25 09:39:51 mars - INFO   - 20240125.093816 - package odc version: 1.4.6
2024-01-25 09:39:51 mars - INFO   - 20240125.093816 - package fdb version: 5.11.23
2024-01-25 09:39:51 mars - INFO   - 20240125.093816 - package metkit version: 1.10.15
2024-01-25 09:39:51 mars - INFO   - 20240125.093816 - package eckit version: 1.24.4
2024-01-25 09:39:51 mars - INFO   - 20240125.093816 - package eccodes version: 2.32.0
2024-01-25 09:39:51 mars - INFO   - 20240125.093816 - Maximum retrieval size is 75.00 G
2024-01-25 09:39:51 retrieve,target="b2rd_2023-10-17_sst.nc",stream=enfo,area=e,levtype=sfc,number=1,param=34.128,padding=0,step=0,grid=0.25/0.25,expver=b2rd,time=00:00:00,date=2023-10-17,type=pf,class=ukmars - INFO   - 20240125.093816 - Automatic split on dates is on
2024-01-25 09:39:51 
2024-01-25 09:39:51 mars - INFO   - 20240125.093816 - Processing request 1
2024-01-25 09:39:51 
2024-01-25 09:39:51 RETRIEVE,
2024-01-25 09:39:51     CLASS      = UK,
2024-01-25 09:39:51     TYPE       = PF,
2024-01-25 09:39:51     STREAM     = ENFO,
2024-01-25 09:39:51     EXPVER     = b2rd,
2024-01-25 09:39:51     REPRES     = SH,
2024-01-25 09:39:51     LEVTYPE    = SFC,
2024-01-25 09:39:51     PARAM      = 34.128,
2024-01-25 09:39:51     TIME       = 0000,
2024-01-25 09:39:51     STEP       = 0,
2024-01-25 09:39:51     NUMBER     = 1,
2024-01-25 09:39:51     DOMAIN     = G,
2024-01-25 09:39:51     TARGET     = "b2rd_2023-10-17_sst.nc",
2024-01-25 09:39:51     RESOL      = AUTO,
2024-01-25 09:39:51     AREA       = 73.5/-27/33/45,
2024-01-25 09:39:51     GRID       = 0.25/0.25,
2024-01-25 09:39:51     PADDING    = 0,
2024-01-25 09:39:51     DATE       = 20231017
2024-01-25 09:39:51 
2024-01-25 09:39:51 mars - INFO   - 20240125.093816 - Web API request id: 65b22b8e1584aea87f4edd17
2024-01-25 09:39:51 mars - INFO   - 20240125.093816 - Requesting 1 field
2024-01-25 09:39:51 mars - INFO   - 20240125.093816 - Setting SO_SNDBUF to 33554432 (32.00 M)
2024-01-25 09:39:51 mars - INFO   - 20240125.093816 - Current value is 8192 (8.00 K)
2024-01-25 09:39:51 mars - INFO   - 20240125.093816 - Setting SO_RCVBUF to 33554432 (32.00 M)
2024-01-25 09:39:51 mars - INFO   - 20240125.093816 - Current value is 43690 (42.67 K)
2024-01-25 09:39:51 mars - INFO   - 20240125.093816 - Calling mars on 'fdbprod', local port is 60771
2024-01-25 09:39:51 mars - INFO   - 20240125.093816 - Server task is 792 [ATOS FDB]
2024-01-25 09:39:51 mars - INFO   - 20240125.093816 - Retrieving from FDB [ATOS FDB]
2024-01-25 09:39:51 mars - INFO   - 20240125.093816 - Looking up FDB indexes: 0.004925 second elapsed, 0.003828 second cpu [ATOS FDB]
2024-01-25 09:39:51 mars - INFO   - 20240125.093816 - Calling mars on 'marsrd-core', local port is 38007
2024-01-25 09:39:51 mars - INFO   - 20240125.093816 - Server task is 112 [marsrd]
2024-01-25 09:39:51 mars - INFO   - 20240125.093816 - Request cost: 0 field,  [marsrd]
2024-01-25 09:39:51 mars - INFO   - 20240125.093816 - The efficiency of your requests in the last 12 hours is 100% [marsrd]
2024-01-25 09:39:51 mars - WARN   - 20240125.093816 - Data not found [marsrd]
2024-01-25 09:39:51 mars - INFO   - 20240125.093816 - Calling mars on 'marsms-core', local port is 57316
2024-01-25 09:39:51 mars - INFO   - 20240125.093816 - Server task is 378 [marsms]
2024-01-25 09:39:51 mars - INFO   - 20240125.093816 - Request cost: 1 field, 3.17154 Mbytes on 1 tape, nodes: hpss, libraries: ibmlib02 [marsms]
2024-01-25 09:39:51 mars - INFO   - 20240125.093816 - The efficiency of your requests in the last 12 hours is 100% [marsms]
2024-01-25 09:39:51 mars - INFO   - 20240125.093943 - Transfering 3325602 bytes
2024-01-25 09:39:51 mars - INFO   - 20240125.093943 - 1 field retrieved from 'marsms'
2024-01-25 09:39:51 mars - INFO   - 20240125.093943 - 1 field has been interpolated
2024-01-25 09:39:51 mars - INFO   - 20240125.093943 - Request time:  wall: 1 min 27 sec
2024-01-25 09:39:51 mars - INFO   - 20240125.093943 -   Processing in marsms: wall: 1 min 26 sec
2024-01-25 09:39:51 mars - INFO   - 20240125.093943 -   Visiting marsms: wall: 1 min 26 sec
2024-01-25 09:39:51 mars - INFO   - 20240125.093943 -   Read from network: 3.17 Mbyte(s) in < 1 sec [120.39 Mbyte/sec]
2024-01-25 09:39:51 mars - INFO   - 20240125.093943 -   Writing to target file: 92.16 Kbyte(s) in < 1 sec [88.07 Mbyte/sec]
2024-01-25 09:39:51 mars - INFO   - 20240125.093943 - Memory used: 57.45 Mbyte(s)
2024-01-25 09:39:51 mars - INFO   - 20240125.093943 - No errors reported
2024-01-25 09:39:51 Process '['nice', 'mars', '/tmp/20240125-0930/d8/tmp-_mars-zmAkxX.req']' finished
2024-01-25 09:39:51 Calling 'nice /opt/ecmwf/mars-client/bin/grib_to_netcdf /data/scratch/private/blue/04/20240125-0930/fa/_mars-bol-webmars-private-svc-blue-007-7a527896970b09a4fc90fa37bf98d3ff-djIOXQ.grib -o /data/scratch/private/blue/02/20240125-0930/99/_grib2netcdf-bol-webmars-private-svc-blue-002-4a73a881a8d5eead47db9eff2f9935a4-Kg4KOq.nc -utime'
2024-01-25 09:39:51 grib_to_netcdf: Version 2.32.0
2024-01-25 09:39:51 grib_to_netcdf: Processing input file '/data/scratch/private/blue/04/20240125-0930/fa/_mars-bol-webmars-private-svc-blue-007-7a527896970b09a4fc90fa37bf98d3ff-djIOXQ.grib'.
2024-01-25 09:39:51 grib_to_netcdf: Found 1 GRIB field in 1 file.
2024-01-25 09:39:51 grib_to_netcdf: Ignoring key(s): method, type, stream, refdate, hdate
2024-01-25 09:39:51 grib_to_netcdf: Creating netCDF file '/data/scratch/private/blue/02/20240125-0930/99/_grib2netcdf-bol-webmars-private-svc-blue-002-4a73a881a8d5eead47db9eff2f9935a4-Kg4KOq.nc'
2024-01-25 09:39:51 grib_to_netcdf: NetCDF library version: 4.3.3.1 of Dec 10 2015 16:44:18 $
2024-01-25 09:39:51 grib_to_netcdf: Creating large (64 bit) file format.
2024-01-25 09:39:51 grib_to_netcdf: Defining variable 'sst'.
2024-01-25 09:39:51 grib_to_netcdf: Done.
2024-01-25 09:39:51 Process '['nice', '/opt/ecmwf/mars-client/bin/grib_to_netcdf', '/data/scratch/private/blue/04/20240125-0930/fa/_mars-bol-webmars-private-svc-blue-007-7a527896970b09a4fc90fa37bf98d3ff-djIOXQ.grib', '-o', '/data/scratch/private/blue/02/20240125-0930/99/_grib2netcdf-bol-webmars-private-svc-blue-002-4a73a881a8d5eead47db9eff2f9935a4-Kg4KOq.nc', '-utime']' finished
2024-01-25 09:39:51 Request is complete
2024-01-25 09:39:51 Transfering 94.8789 Kbytes into b2rd_2023-10-17_sst.nc
2024-01-25 09:39:51 From https://apps.ecmwf.int/api/streaming/private/blue/02/20240125-0930/99/_grib2netcdf-bol-webmars-private-svc-blue-002-4a73a881a8d5eead47db9eff2f9935a4-Kg4KOq.nc
2024-01-25 09:39:51 Transfer rate 442.477 Kbytes/s
2024-01-25 09:39:51 Done
2024-01-25 09:36:20 ECMWF API python library 1.6.3
2024-01-25 09:36:20 ECMWF API at https://api.ecmwf.int/v1
2024-01-25 09:36:20 Welcome Shirin Ermis
2024-01-25 09:36:21 In case of problems, please check https://confluence.ecmwf.int/display/WEBAPI/Web+API+FAQ or contact servicedesk@ecmwf.int
2024-01-25 09:36:21 Request submitted
2024-01-25 09:36:21 Request id: 65b22b95ccfb324f41fb74fb
2024-01-25 09:36:21 Request is submitted
2024-01-25 09:36:22 Request is queued
2024-01-25 09:39:57 Request is active
2024-01-25 09:40:02 Calling 'nice mars /tmp/20240125-0930/14/tmp-_mars-DggwBY.req'
2024-01-25 09:40:02 Forcing MIR_CACHE_PATH=/data/ec_coeff
2024-01-25 09:40:02 mars - WARN -
2024-01-25 09:40:02 mars - WARN -
2024-01-25 09:40:02 MIR environment variables:
2024-01-25 09:40:02 MIR_CACHE_PATH=/data/ec_coeff
2024-01-25 09:40:02 MIR_LSM_NAMED=1km.climate.v013
2024-01-25 09:40:02 Using MARS binary: /usr/local/apps/mars/versions/6.33.16.2/bin/mars.bin
2024-01-25 09:40:02 mars - INFO   - 20240125.093944 - Welcome to MARS
2024-01-25 09:40:02 mars - INFO   - 20240125.093944 - MARS Client build stamp: 20231005152332
2024-01-25 09:40:02 mars - INFO   - 20240125.093944 - MARS Client bundle version: 6.33.16.2
2024-01-25 09:40:02 mars - INFO   - 20240125.093944 - package mars-client version: 6.33.16
2024-01-25 09:40:02 mars - INFO   - 20240125.093944 - package mir version: 1.18.0
2024-01-25 09:40:02 mars - INFO   - 20240125.093944 - package odc version: 1.4.6
2024-01-25 09:40:02 mars - INFO   - 20240125.093944 - package fdb version: 5.11.23
2024-01-25 09:40:02 mars - INFO   - 20240125.093944 - package metkit version: 1.10.15
2024-01-25 09:40:02 mars - INFO   - 20240125.093944 - package eckit version: 1.24.4
2024-01-25 09:40:02 mars - INFO   - 20240125.093944 - package eccodes version: 2.32.0
2024-01-25 09:40:02 mars - INFO   - 20240125.093944 - Maximum retrieval size is 75.00 G
2024-01-25 09:40:02 retrieve,target="b2re_2023-10-11_sst.nc",stream=enfo,area=e,levtype=sfc,number=1,param=34.128,padding=0,step=0,grid=0.25/0.25,expver=b2re,time=00:00:00,date=2023-10-11,type=pf,class=ukmars - INFO   - 20240125.093944 - Automatic split on dates is on
2024-01-25 09:40:02 
2024-01-25 09:40:02 mars - INFO   - 20240125.093944 - Processing request 1
2024-01-25 09:40:02 
2024-01-25 09:40:02 RETRIEVE,
2024-01-25 09:40:02     CLASS      = UK,
2024-01-25 09:40:02     TYPE       = PF,
2024-01-25 09:40:02     STREAM     = ENFO,
2024-01-25 09:40:02     EXPVER     = b2re,
2024-01-25 09:40:02     REPRES     = SH,
2024-01-25 09:40:02     LEVTYPE    = SFC,
2024-01-25 09:40:02     PARAM      = 34.128,
2024-01-25 09:40:02     TIME       = 0000,
2024-01-25 09:40:02     STEP       = 0,
2024-01-25 09:40:02     NUMBER     = 1,
2024-01-25 09:40:02     DOMAIN     = G,
2024-01-25 09:40:02     TARGET     = "b2re_2023-10-11_sst.nc",
2024-01-25 09:40:02     RESOL      = AUTO,
2024-01-25 09:40:02     AREA       = 73.5/-27/33/45,
2024-01-25 09:40:02     GRID       = 0.25/0.25,
2024-01-25 09:40:02     PADDING    = 0,
2024-01-25 09:40:02     DATE       = 20231011
2024-01-25 09:40:02 
2024-01-25 09:40:02 mars - INFO   - 20240125.093944 - Web API request id: 65b22b95ccfb324f41fb74fb
2024-01-25 09:40:02 mars - INFO   - 20240125.093944 - Requesting 1 field
2024-01-25 09:40:02 mars - INFO   - 20240125.093944 - Setting SO_SNDBUF to 33554432 (32.00 M)
2024-01-25 09:40:02 mars - INFO   - 20240125.093944 - Current value is 8192 (8.00 K)
2024-01-25 09:40:02 mars - INFO   - 20240125.093944 - Setting SO_RCVBUF to 33554432 (32.00 M)
2024-01-25 09:40:02 mars - INFO   - 20240125.093944 - Current value is 43690 (42.67 K)
2024-01-25 09:40:02 mars - INFO   - 20240125.093944 - Calling mars on 'fdbprod', local port is 35314
2024-01-25 09:40:02 mars - INFO   - 20240125.093944 - Server task is 893 [ATOS FDB]
2024-01-25 09:40:02 mars - INFO   - 20240125.093944 - Retrieving from FDB [ATOS FDB]
2024-01-25 09:40:02 mars - INFO   - 20240125.093944 - Looking up FDB indexes: 0.004781 second elapsed, 0.004083 second cpu [ATOS FDB]
2024-01-25 09:40:02 mars - INFO   - 20240125.093944 - Calling mars on 'marsrd-core', local port is 58157
2024-01-25 09:40:02 mars - INFO   - 20240125.093944 - Server task is 124 [marsrd]
2024-01-25 09:40:02 mars - INFO   - 20240125.093944 - Request cost: 0 field,  [marsrd]
2024-01-25 09:40:02 mars - INFO   - 20240125.093944 - The efficiency of your requests in the last 12 hours is 100% [marsrd]
2024-01-25 09:40:02 mars - WARN   - 20240125.093945 - Data not found [marsrd]
2024-01-25 09:40:02 mars - INFO   - 20240125.093945 - Calling mars on 'marsms-core', local port is 56115
2024-01-25 09:40:02 mars - INFO   - 20240125.093945 - Server task is 378 [marsms]
2024-01-25 09:40:02 mars - INFO   - 20240125.093945 - Request cost: 1 field, 3.17154 Mbytes on 1 tape, nodes: hpss, libraries: ibmlib02 [marsms]
2024-01-25 09:40:02 mars - INFO   - 20240125.093945 - The efficiency of your requests in the last 12 hours is 100% [marsms]
2024-01-25 09:40:02 mars - INFO   - 20240125.094000 - Transfering 3325602 bytes
2024-01-25 09:40:02 mars - INFO   - 20240125.094001 - 1 field retrieved from 'marsms'
2024-01-25 09:40:02 mars - INFO   - 20240125.094001 - 1 field has been interpolated
2024-01-25 09:40:02 mars - INFO   - 20240125.094001 - Request time:  wall: 16 sec
2024-01-25 09:40:02 mars - INFO   - 20240125.094001 -   Processing in marsms: wall: 16 sec
2024-01-25 09:40:02 mars - INFO   - 20240125.094001 -   Visiting marsms: wall: 16 sec
2024-01-25 09:40:02 mars - INFO   - 20240125.094001 -   Read from network: 3.17 Mbyte(s) in < 1 sec [101.42 Mbyte/sec]
2024-01-25 09:40:02 mars - INFO   - 20240125.094001 -   Writing to target file: 92.16 Kbyte(s) in < 1 sec [67.27 Mbyte/sec]
2024-01-25 09:40:02 mars - INFO   - 20240125.094001 - Memory used: 57.45 Mbyte(s)
2024-01-25 09:40:02 mars - INFO   - 20240125.094001 - No errors reported
2024-01-25 09:40:02 Process '['nice', 'mars', '/tmp/20240125-0930/14/tmp-_mars-DggwBY.req']' finished
2024-01-25 09:40:02 Calling 'nice /opt/ecmwf/mars-client/bin/grib_to_netcdf /data/scratch/private/blue/03/20240125-0930/f3/_mars-bol-webmars-private-svc-blue-006-d4755d5b313f7cded016e66ba0cd989b-kyenzQ.grib -o /data/scratch/private/blue/03/20240125-0940/a6/_grib2netcdf-bol-webmars-private-svc-blue-009-d4755d5b313f7cded016e66ba0cd989b-vbZB17.nc -utime'
2024-01-25 09:40:02 grib_to_netcdf: Version 2.32.0
2024-01-25 09:40:02 grib_to_netcdf: Processing input file '/data/scratch/private/blue/03/20240125-0930/f3/_mars-bol-webmars-private-svc-blue-006-d4755d5b313f7cded016e66ba0cd989b-kyenzQ.grib'.
2024-01-25 09:40:02 grib_to_netcdf: Found 1 GRIB field in 1 file.
2024-01-25 09:40:02 grib_to_netcdf: Ignoring key(s): method, type, stream, refdate, hdate
2024-01-25 09:40:02 grib_to_netcdf: Creating netCDF file '/data/scratch/private/blue/03/20240125-0940/a6/_grib2netcdf-bol-webmars-private-svc-blue-009-d4755d5b313f7cded016e66ba0cd989b-vbZB17.nc'
2024-01-25 09:40:02 grib_to_netcdf: NetCDF library version: 4.3.3.1 of Dec 10 2015 16:44:18 $
2024-01-25 09:40:02 grib_to_netcdf: Creating large (64 bit) file format.
2024-01-25 09:40:02 grib_to_netcdf: Defining variable 'sst'.
2024-01-25 09:40:02 grib_to_netcdf: Done.
2024-01-25 09:40:02 Process '['nice', '/opt/ecmwf/mars-client/bin/grib_to_netcdf', '/data/scratch/private/blue/03/20240125-0930/f3/_mars-bol-webmars-private-svc-blue-006-d4755d5b313f7cded016e66ba0cd989b-kyenzQ.grib', '-o', '/data/scratch/private/blue/03/20240125-0940/a6/_grib2netcdf-bol-webmars-private-svc-blue-009-d4755d5b313f7cded016e66ba0cd989b-vbZB17.nc', '-utime']' finished
2024-01-25 09:40:02 Request is complete
2024-01-25 09:40:02 Transfering 94.8789 Kbytes into b2re_2023-10-11_sst.nc
2024-01-25 09:40:02 From https://apps.ecmwf.int/api/streaming/private/blue/03/20240125-0940/a6/_grib2netcdf-bol-webmars-private-svc-blue-009-d4755d5b313f7cded016e66ba0cd989b-vbZB17.nc
2024-01-25 09:40:03 Transfer rate 428.813 Kbytes/s
2024-01-25 09:40:03 Done
2024-01-25 09:36:20 ECMWF API python library 1.6.3
2024-01-25 09:36:20 ECMWF API at https://api.ecmwf.int/v1
2024-01-25 09:36:21 Welcome Shirin Ermis
2024-01-25 09:36:21 In case of problems, please check https://confluence.ecmwf.int/display/WEBAPI/Web+API+FAQ or contact servicedesk@ecmwf.int
2024-01-25 09:36:22 Request submitted
2024-01-25 09:36:22 Request id: 65b22b96e9350d0a8b8d0de1
2024-01-25 09:36:22 Request is submitted
2024-01-25 09:36:23 Request is queued
2024-01-25 09:40:20 Request is active
2024-01-25 09:41:31 Calling 'nice mars /tmp/20240125-0940/df/tmp-_mars-lUrJlN.req'
2024-01-25 09:41:31 Forcing MIR_CACHE_PATH=/data/ec_coeff
2024-01-25 09:41:31 mars - WARN -
2024-01-25 09:41:31 mars - WARN -
2024-01-25 09:41:31 MIR environment variables:
2024-01-25 09:41:31 MIR_CACHE_PATH=/data/ec_coeff
2024-01-25 09:41:31 MIR_LSM_NAMED=1km.climate.v013
2024-01-25 09:41:31 Using MARS binary: /usr/local/apps/mars/versions/6.33.16.2/bin/mars.bin
2024-01-25 09:41:31 mars - INFO   - 20240125.094002 - Welcome to MARS
2024-01-25 09:41:31 mars - INFO   - 20240125.094002 - MARS Client build stamp: 20231005152332
2024-01-25 09:41:31 mars - INFO   - 20240125.094002 - MARS Client bundle version: 6.33.16.2
2024-01-25 09:41:31 mars - INFO   - 20240125.094002 - package mars-client version: 6.33.16
2024-01-25 09:41:31 mars - INFO   - 20240125.094002 - package mir version: 1.18.0
2024-01-25 09:41:31 mars - INFO   - 20240125.094002 - package odc version: 1.4.6
2024-01-25 09:41:31 mars - INFO   - 20240125.094002 - package fdb version: 5.11.23
2024-01-25 09:41:31 mars - INFO   - 20240125.094002 - package metkit version: 1.10.15
2024-01-25 09:41:31 mars - INFO   - 20240125.094002 - package eckit version: 1.24.4
2024-01-25 09:41:31 mars - INFO   - 20240125.094002 - package eccodes version: 2.32.0
2024-01-25 09:41:31 mars - INFO   - 20240125.094002 - Maximum retrieval size is 75.00 G
2024-01-25 09:41:31 retrieve,target="b2re_2023-10-15_sst.nc",stream=enfo,area=e,levtype=sfc,number=1,param=34.128,padding=0,step=0,grid=0.25/0.25,expver=b2re,time=00:00:00,date=2023-10-15,type=pf,class=ukmars - INFO   - 20240125.094002 - Automatic split on dates is on
2024-01-25 09:41:31 
2024-01-25 09:41:31 mars - INFO   - 20240125.094002 - Processing request 1
2024-01-25 09:41:31 
2024-01-25 09:41:31 RETRIEVE,
2024-01-25 09:41:31     CLASS      = UK,
2024-01-25 09:41:31     TYPE       = PF,
2024-01-25 09:41:31     STREAM     = ENFO,
2024-01-25 09:41:31     EXPVER     = b2re,
2024-01-25 09:41:31     REPRES     = SH,
2024-01-25 09:41:31     LEVTYPE    = SFC,
2024-01-25 09:41:31     PARAM      = 34.128,
2024-01-25 09:41:31     TIME       = 0000,
2024-01-25 09:41:31     STEP       = 0,
2024-01-25 09:41:31     NUMBER     = 1,
2024-01-25 09:41:31     DOMAIN     = G,
2024-01-25 09:41:31     TARGET     = "b2re_2023-10-15_sst.nc",
2024-01-25 09:41:31     RESOL      = AUTO,
2024-01-25 09:41:31     AREA       = 73.5/-27/33/45,
2024-01-25 09:41:31     GRID       = 0.25/0.25,
2024-01-25 09:41:31     PADDING    = 0,
2024-01-25 09:41:31     DATE       = 20231015
2024-01-25 09:41:31 
2024-01-25 09:41:31 mars - INFO   - 20240125.094002 - Web API request id: 65b22b96e9350d0a8b8d0de1
2024-01-25 09:41:31 mars - INFO   - 20240125.094002 - Requesting 1 field
2024-01-25 09:41:31 mars - INFO   - 20240125.094003 - Setting SO_SNDBUF to 33554432 (32.00 M)
2024-01-25 09:41:31 mars - INFO   - 20240125.094003 - Current value is 8192 (8.00 K)
2024-01-25 09:41:31 mars - INFO   - 20240125.094003 - Setting SO_RCVBUF to 33554432 (32.00 M)
2024-01-25 09:41:31 mars - INFO   - 20240125.094003 - Current value is 43690 (42.67 K)
2024-01-25 09:41:31 mars - INFO   - 20240125.094003 - Calling mars on 'fdbprod', local port is 40704
2024-01-25 09:41:31 mars - INFO   - 20240125.094003 - Server task is 139 [ATOS FDB]
2024-01-25 09:41:31 mars - INFO   - 20240125.094003 - Retrieving from FDB [ATOS FDB]
2024-01-25 09:41:31 mars - INFO   - 20240125.094003 - Looking up FDB indexes: 0.004644 second elapsed, 0.003918 second cpu [ATOS FDB]
2024-01-25 09:41:31 mars - INFO   - 20240125.094003 - Calling mars on 'marsrd-core', local port is 33179
2024-01-25 09:41:31 mars - INFO   - 20240125.094003 - Server task is 863 [marsrd]
2024-01-25 09:41:31 mars - INFO   - 20240125.094003 - Request cost: 0 field,  [marsrd]
2024-01-25 09:41:31 mars - INFO   - 20240125.094003 - The efficiency of your requests in the last 12 hours is 100% [marsrd]
2024-01-25 09:41:31 mars - WARN   - 20240125.094003 - Data not found [marsrd]
2024-01-25 09:41:31 mars - INFO   - 20240125.094003 - Calling mars on 'marsms-core', local port is 39959
2024-01-25 09:41:31 mars - INFO   - 20240125.094003 - Server task is 378 [marsms]
2024-01-25 09:41:31 mars - INFO   - 20240125.094003 - Request cost: 1 field, 3.17154 Mbytes on 1 tape, nodes: hpss, libraries: ibmlib02 [marsms]
2024-01-25 09:41:31 mars - INFO   - 20240125.094003 - The efficiency of your requests in the last 12 hours is 100% [marsms]
2024-01-25 09:41:31 mars - INFO   - 20240125.094129 - Transfering 3325602 bytes
2024-01-25 09:41:31 mars - INFO   - 20240125.094129 - 1 field retrieved from 'marsms'
2024-01-25 09:41:31 mars - INFO   - 20240125.094129 - 1 field has been interpolated
2024-01-25 09:41:31 mars - INFO   - 20240125.094129 - Request time:  wall: 1 min 27 sec
2024-01-25 09:41:31 mars - INFO   - 20240125.094129 -   Processing in marsms: wall: 1 min 27 sec
2024-01-25 09:41:31 mars - INFO   - 20240125.094129 -   Visiting marsms: wall: 1 min 27 sec
2024-01-25 09:41:31 mars - INFO   - 20240125.094129 -   Read from network: 3.17 Mbyte(s) in < 1 sec [126.42 Mbyte/sec]
2024-01-25 09:41:31 mars - INFO   - 20240125.094129 -   Writing to target file: 92.16 Kbyte(s) in < 1 sec [67.72 Mbyte/sec]
2024-01-25 09:41:31 mars - INFO   - 20240125.094129 - Memory used: 57.45 Mbyte(s)
2024-01-25 09:41:31 mars - INFO   - 20240125.094129 - No errors reported
2024-01-25 09:41:31 Process '['nice', 'mars', '/tmp/20240125-0940/df/tmp-_mars-lUrJlN.req']' finished
2024-01-25 09:41:31 Calling 'nice /opt/ecmwf/mars-client/bin/grib_to_netcdf /data/scratch/private/blue/03/20240125-0940/6d/_mars-bol-webmars-private-svc-blue-011-d4755d5b313f7cded016e66ba0cd989b-N2PWet.grib -o /data/scratch/private/blue/01/20240125-0940/86/_grib2netcdf-bol-webmars-private-svc-blue-011-0d255c279e874ad03d66f5487aef1007-jBRtUD.nc -utime'
2024-01-25 09:41:31 grib_to_netcdf: Version 2.32.0
2024-01-25 09:41:31 grib_to_netcdf: Processing input file '/data/scratch/private/blue/03/20240125-0940/6d/_mars-bol-webmars-private-svc-blue-011-d4755d5b313f7cded016e66ba0cd989b-N2PWet.grib'.
2024-01-25 09:41:31 grib_to_netcdf: Found 1 GRIB field in 1 file.
2024-01-25 09:41:31 grib_to_netcdf: Ignoring key(s): method, type, stream, refdate, hdate
2024-01-25 09:41:31 grib_to_netcdf: Creating netCDF file '/data/scratch/private/blue/01/20240125-0940/86/_grib2netcdf-bol-webmars-private-svc-blue-011-0d255c279e874ad03d66f5487aef1007-jBRtUD.nc'
2024-01-25 09:41:31 grib_to_netcdf: NetCDF library version: 4.3.3.1 of Dec 10 2015 16:44:18 $
2024-01-25 09:41:31 grib_to_netcdf: Creating large (64 bit) file format.
2024-01-25 09:41:31 grib_to_netcdf: Defining variable 'sst'.
2024-01-25 09:41:31 grib_to_netcdf: Done.
2024-01-25 09:41:31 Process '['nice', '/opt/ecmwf/mars-client/bin/grib_to_netcdf', '/data/scratch/private/blue/03/20240125-0940/6d/_mars-bol-webmars-private-svc-blue-011-d4755d5b313f7cded016e66ba0cd989b-N2PWet.grib', '-o', '/data/scratch/private/blue/01/20240125-0940/86/_grib2netcdf-bol-webmars-private-svc-blue-011-0d255c279e874ad03d66f5487aef1007-jBRtUD.nc', '-utime']' finished
2024-01-25 09:41:31 Request is complete
2024-01-25 09:41:31 Transfering 94.8789 Kbytes into b2re_2023-10-15_sst.nc
2024-01-25 09:41:31 From https://apps.ecmwf.int/api/streaming/private/blue/01/20240125-0940/86/_grib2netcdf-bol-webmars-private-svc-blue-011-0d255c279e874ad03d66f5487aef1007-jBRtUD.nc
2024-01-25 09:41:32 Transfer rate 402.171 Kbytes/s
2024-01-25 09:41:32 Done
2024-01-25 09:36:21 ECMWF API python library 1.6.3
2024-01-25 09:36:21 ECMWF API at https://api.ecmwf.int/v1
2024-01-25 09:36:21 Welcome Shirin Ermis
2024-01-25 09:36:22 In case of problems, please check https://confluence.ecmwf.int/display/WEBAPI/Web+API+FAQ or contact servicedesk@ecmwf.int
2024-01-25 09:36:22 Request submitted
2024-01-25 09:36:22 Request id: 65b22b963b9df2af898d0a74
2024-01-25 09:36:22 Request is submitted
2024-01-25 09:36:24 Request is queued
2024-01-25 09:41:35 Request is active
2024-01-25 09:43:53 Calling 'nice mars /tmp/20240125-0940/e9/tmp-_mars-oOdR4T.req'
2024-01-25 09:43:53 Forcing MIR_CACHE_PATH=/data/ec_coeff
2024-01-25 09:43:53 mars - WARN -
2024-01-25 09:43:53 mars - WARN -
2024-01-25 09:43:53 MIR environment variables:
2024-01-25 09:43:53 MIR_CACHE_PATH=/data/ec_coeff
2024-01-25 09:43:53 MIR_LSM_NAMED=1km.climate.v013
2024-01-25 09:43:53 Using MARS binary: /usr/local/apps/mars/versions/6.33.16.2/bin/mars.bin
2024-01-25 09:43:53 mars - INFO   - 20240125.094131 - Welcome to MARS
2024-01-25 09:43:53 mars - INFO   - 20240125.094131 - MARS Client build stamp: 20231005152332
2024-01-25 09:43:53 mars - INFO   - 20240125.094131 - MARS Client bundle version: 6.33.16.2
2024-01-25 09:43:53 mars - INFO   - 20240125.094131 - package mars-client version: 6.33.16
2024-01-25 09:43:53 mars - INFO   - 20240125.094131 - package mir version: 1.18.0
2024-01-25 09:43:53 mars - INFO   - 20240125.094131 - package odc version: 1.4.6
2024-01-25 09:43:53 mars - INFO   - 20240125.094131 - package fdb version: 5.11.23
2024-01-25 09:43:53 mars - INFO   - 20240125.094131 - package metkit version: 1.10.15
2024-01-25 09:43:53 mars - INFO   - 20240125.094131 - package eckit version: 1.24.4
2024-01-25 09:43:53 mars - INFO   - 20240125.094131 - package eccodes version: 2.32.0
2024-01-25 09:43:53 mars - INFO   - 20240125.094131 - Maximum retrieval size is 75.00 G
2024-01-25 09:43:53 retrieve,target="b2re_2023-10-17_sst.nc",stream=enfo,area=e,levtype=sfc,number=1,param=34.128,padding=0,step=0,grid=0.25/0.25,expver=b2re,time=00:00:00,date=2023-10-17,type=pf,class=ukmars - INFO   - 20240125.094131 - Automatic split on dates is on
2024-01-25 09:43:53 
2024-01-25 09:43:53 mars - INFO   - 20240125.094131 - Processing request 1
2024-01-25 09:43:53 
2024-01-25 09:43:53 RETRIEVE,
2024-01-25 09:43:53     CLASS      = UK,
2024-01-25 09:43:53     TYPE       = PF,
2024-01-25 09:43:53     STREAM     = ENFO,
2024-01-25 09:43:53     EXPVER     = b2re,
2024-01-25 09:43:53     REPRES     = SH,
2024-01-25 09:43:53     LEVTYPE    = SFC,
2024-01-25 09:43:53     PARAM      = 34.128,
2024-01-25 09:43:53     TIME       = 0000,
2024-01-25 09:43:53     STEP       = 0,
2024-01-25 09:43:53     NUMBER     = 1,
2024-01-25 09:43:53     DOMAIN     = G,
2024-01-25 09:43:53     TARGET     = "b2re_2023-10-17_sst.nc",
2024-01-25 09:43:53     RESOL      = AUTO,
2024-01-25 09:43:53     AREA       = 73.5/-27/33/45,
2024-01-25 09:43:53     GRID       = 0.25/0.25,
2024-01-25 09:43:53     PADDING    = 0,
2024-01-25 09:43:53     DATE       = 20231017
2024-01-25 09:43:53 
2024-01-25 09:43:53 mars - INFO   - 20240125.094131 - Web API request id: 65b22b963b9df2af898d0a74
2024-01-25 09:43:53 mars - INFO   - 20240125.094131 - Requesting 1 field
2024-01-25 09:43:53 mars - INFO   - 20240125.094131 - Setting SO_SNDBUF to 33554432 (32.00 M)
2024-01-25 09:43:53 mars - INFO   - 20240125.094131 - Current value is 8192 (8.00 K)
2024-01-25 09:43:53 mars - INFO   - 20240125.094131 - Setting SO_RCVBUF to 33554432 (32.00 M)
2024-01-25 09:43:53 mars - INFO   - 20240125.094131 - Current value is 43690 (42.67 K)
2024-01-25 09:43:53 mars - INFO   - 20240125.094131 - Calling mars on 'fdbprod', local port is 49183
2024-01-25 09:43:53 mars - INFO   - 20240125.094132 - Server task is 998 [ATOS FDB]
2024-01-25 09:43:53 mars - INFO   - 20240125.094132 - Retrieving from FDB [ATOS FDB]
2024-01-25 09:43:53 mars - INFO   - 20240125.094132 - Looking up FDB indexes: 0.004789 second elapsed, 0.003858 second cpu [ATOS FDB]
2024-01-25 09:43:53 mars - INFO   - 20240125.094132 - Calling mars on 'marsrd-core', local port is 49556
2024-01-25 09:43:53 mars - INFO   - 20240125.094132 - Server task is 293 [marsrd]
2024-01-25 09:43:53 mars - INFO   - 20240125.094132 - Request cost: 0 field,  [marsrd]
2024-01-25 09:43:53 mars - INFO   - 20240125.094132 - The efficiency of your requests in the last 12 hours is 100% [marsrd]
2024-01-25 09:43:53 mars - WARN   - 20240125.094132 - Data not found [marsrd]
2024-01-25 09:43:53 mars - INFO   - 20240125.094132 - Calling mars on 'marsms-core', local port is 41453
2024-01-25 09:43:53 mars - INFO   - 20240125.094132 - Server task is 378 [marsms]
2024-01-25 09:43:53 mars - INFO   - 20240125.094132 - Request cost: 1 field, 3.17154 Mbytes on 1 tape, nodes: hpss, libraries: ibmlib02 [marsms]
2024-01-25 09:43:53 mars - INFO   - 20240125.094132 - The efficiency of your requests in the last 12 hours is 100% [marsms]
2024-01-25 09:43:53 mars - INFO   - 20240125.094341 - Transfering 3325602 bytes
2024-01-25 09:43:53 mars - INFO   - 20240125.094341 - 1 field retrieved from 'marsms'
2024-01-25 09:43:53 mars - INFO   - 20240125.094341 - 1 field has been interpolated
2024-01-25 09:43:53 mars - INFO   - 20240125.094341 - Request time:  wall: 2 min 9 sec
2024-01-25 09:43:53 mars - INFO   - 20240125.094341 -   Processing in marsms: wall: 2 min 9 sec
2024-01-25 09:43:53 mars - INFO   - 20240125.094341 -   Visiting marsms: wall: 2 min 9 sec
2024-01-25 09:43:53 mars - INFO   - 20240125.094341 -   Read from network: 3.17 Mbyte(s) in < 1 sec [88.11 Mbyte/sec]
2024-01-25 09:43:53 mars - INFO   - 20240125.094341 -   Writing to target file: 92.16 Kbyte(s) in < 1 sec [59.06 Mbyte/sec]
2024-01-25 09:43:53 mars - INFO   - 20240125.094341 - Memory used: 57.44 Mbyte(s)
2024-01-25 09:43:53 mars - INFO   - 20240125.094341 - No errors reported
2024-01-25 09:43:53 Process '['nice', 'mars', '/tmp/20240125-0940/e9/tmp-_mars-oOdR4T.req']' finished
2024-01-25 09:43:53 Calling 'nice /opt/ecmwf/mars-client/bin/grib_to_netcdf /data/scratch/private/blue/04/20240125-0940/93/_mars-bol-webmars-private-svc-blue-005-7a527896970b09a4fc90fa37bf98d3ff-4uYsYs.grib -o /data/scratch/private/blue/04/20240125-0940/7d/_grib2netcdf-bol-webmars-private-svc-blue-005-7a527896970b09a4fc90fa37bf98d3ff-73PRxm.nc -utime'
2024-01-25 09:43:53 grib_to_netcdf: Version 2.32.0
2024-01-25 09:43:53 grib_to_netcdf: Processing input file '/data/scratch/private/blue/04/20240125-0940/93/_mars-bol-webmars-private-svc-blue-005-7a527896970b09a4fc90fa37bf98d3ff-4uYsYs.grib'.
2024-01-25 09:43:53 grib_to_netcdf: Found 1 GRIB field in 1 file.
2024-01-25 09:43:53 grib_to_netcdf: Ignoring key(s): method, type, stream, refdate, hdate
2024-01-25 09:43:53 grib_to_netcdf: Creating netCDF file '/data/scratch/private/blue/04/20240125-0940/7d/_grib2netcdf-bol-webmars-private-svc-blue-005-7a527896970b09a4fc90fa37bf98d3ff-73PRxm.nc'
2024-01-25 09:43:53 grib_to_netcdf: NetCDF library version: 4.3.3.1 of Dec 10 2015 16:44:18 $
2024-01-25 09:43:53 grib_to_netcdf: Creating large (64 bit) file format.
2024-01-25 09:43:53 grib_to_netcdf: Defining variable 'sst'.
2024-01-25 09:43:53 grib_to_netcdf: Done.
2024-01-25 09:43:53 Process '['nice', '/opt/ecmwf/mars-client/bin/grib_to_netcdf', '/data/scratch/private/blue/04/20240125-0940/93/_mars-bol-webmars-private-svc-blue-005-7a527896970b09a4fc90fa37bf98d3ff-4uYsYs.grib', '-o', '/data/scratch/private/blue/04/20240125-0940/7d/_grib2netcdf-bol-webmars-private-svc-blue-005-7a527896970b09a4fc90fa37bf98d3ff-73PRxm.nc', '-utime']' finished
2024-01-25 09:43:53 Request is complete
2024-01-25 09:43:53 Transfering 94.8789 Kbytes into b2re_2023-10-17_sst.nc
2024-01-25 09:43:53 From https://apps.ecmwf.int/api/streaming/private/blue/04/20240125-0940/7d/_grib2netcdf-bol-webmars-private-svc-blue-005-7a527896970b09a4fc90fa37bf98d3ff-73PRxm.nc
2024-01-25 09:43:54 Transfer rate 463.913 Kbytes/s
2024-01-25 09:43:54 Done
